<?xml version="1.0" encoding="UTF-8"?>
<!-- Generated by org.testng.reporters.JUnitReportReporter -->
<testsuite hostname="Kevins-MBP" failures="0" tests="8" name="org.restassured.loginTest" time="0.001" errors="0" timestamp="2022-06-13T22:18:01 BST" skipped="0">
  <testcase classname="org.restassured.loginTest" name="validateLoginFeature" time="0.000"/>
  <system-out/>
  <testcase classname="org.restassured.loginTest" name="logIn" time="0.000"/>
  <system-out/>
  <testcase classname="org.restassured.loginTest" name="logIn" time="0.001"/>
  <system-out/>
  <testcase classname="org.restassured.loginTest" name="validateLoginFeature" time="0.000"/>
  <system-out/>
  <testcase classname="org.restassured.loginTest" name="validateLoginFeature" time="0.000"/>
  <system-out/>
  <testcase classname="org.restassured.loginTest" name="logIn" time="0.000"/>
  <system-out/>
  <testcase classname="org.restassured.loginTest" name="validateLoginFeature" time="0.000"/>
  <system-out/>
  <testcase classname="org.restassured.loginTest" name="logIn" time="0.000"/>
  <system-out/>
</testsuite> <!-- org.restassured.loginTest -->
