<?xml version="1.0" encoding="UTF-8"?>
<!-- Generated by org.testng.reporters.JUnitReportReporter -->
<testsuite hostname="Kevins-MBP" failures="0" tests="1" name="org.restassured.AppTest" time="0.002" errors="0" timestamp="2022-03-16T07:57:59 GMT" skipped="0">
  <testcase classname="org.restassured.AppTest" name="shouldAnswerWithTrue" time="0.002"/>
  <system-out/>
</testsuite> <!-- org.restassured.AppTest -->
