<?xml version="1.0" encoding="UTF-8"?>
<!-- Generated by org.testng.reporters.JUnitReportReporter -->
<testsuite hostname="Kevins-MBP" failures="0" tests="1" name="org.restassured.SumValidationTest" time="0.586" errors="0" timestamp="2022-06-13T22:18:01 BST" skipped="0">
  <testcase classname="org.restassured.SumValidationTest" name="sumOfCourses" time="0.586"/>
  <system-out/>
</testsuite> <!-- org.restassured.SumValidationTest -->
